<?xml version="1.0" encoding="UTF-8"?>
<testng-results skipped="0" failed="0" ignored="0" total="1" passed="1">
  <reporter-output>
  </reporter-output>
  <suite name="Default suite" duration-ms="5635" started-at="2018-03-20T16:34:27Z" finished-at="2018-03-20T16:34:33Z">
    <groups>
    </groups>
    <test name="Default test" duration-ms="5635" started-at="2018-03-20T16:34:27Z" finished-at="2018-03-20T16:34:33Z">
      <class name="spring.maven.TestSpring">
        <test-method status="PASS" signature="springTestContextBeforeTestClass()[pri:0, instance:spring.maven.TestSpring@1b26f7b2]" name="springTestContextBeforeTestClass" is-config="true" duration-ms="9" started-at="2018-03-20T16:34:27Z" finished-at="2018-03-20T16:34:27Z">
          <reporter-output>
          </reporter-output>
        </test-method> <!-- springTestContextBeforeTestClass -->
        <test-method status="PASS" signature="springTestContextPrepareTestInstance()[pri:0, instance:spring.maven.TestSpring@1b26f7b2]" name="springTestContextPrepareTestInstance" is-config="true" duration-ms="314" started-at="2018-03-20T16:34:27Z" depends-on-methods="org.springframework.test.context.testng.AbstractTestNGSpringContextTests.springTestContextBeforeTestClass" finished-at="2018-03-20T16:34:27Z">
          <reporter-output>
          </reporter-output>
        </test-method> <!-- springTestContextPrepareTestInstance -->
        <test-method status="PASS" signature="openChrome()[pri:0, instance:spring.maven.TestSpring@1b26f7b2]" name="openChrome" is-config="true" duration-ms="2707" started-at="2018-03-20T16:34:27Z" finished-at="2018-03-20T16:34:30Z">
          <reporter-output>
          </reporter-output>
        </test-method> <!-- openChrome -->
        <test-method status="PASS" signature="springTestContextBeforeTestMethod(java.lang.reflect.Method)[pri:0, instance:spring.maven.TestSpring@1b26f7b2]" name="springTestContextBeforeTestMethod" is-config="true" duration-ms="1" started-at="2018-03-20T16:34:30Z" finished-at="2018-03-20T16:34:30Z">
          <params>
            <param index="0">
              <value>
                <![CDATA[public void spring.maven.TestSpring.t_01()]]>
              </value>
            </param>
          </params>
          <reporter-output>
          </reporter-output>
        </test-method> <!-- springTestContextBeforeTestMethod -->
        <test-method status="PASS" signature="t_01()[pri:0, instance:spring.maven.TestSpring@1b26f7b2]" name="t_01" duration-ms="2586" started-at="2018-03-20T16:34:30Z" finished-at="2018-03-20T16:34:33Z">
          <reporter-output>
          </reporter-output>
        </test-method> <!-- t_01 -->
        <test-method status="PASS" signature="springTestContextAfterTestMethod(java.lang.reflect.Method)[pri:0, instance:spring.maven.TestSpring@1b26f7b2]" name="springTestContextAfterTestMethod" is-config="true" duration-ms="0" started-at="2018-03-20T16:34:33Z" finished-at="2018-03-20T16:34:33Z">
          <params>
            <param index="0">
              <value>
                <![CDATA[public void spring.maven.TestSpring.t_01()]]>
              </value>
            </param>
          </params>
          <reporter-output>
          </reporter-output>
        </test-method> <!-- springTestContextAfterTestMethod -->
        <test-method status="PASS" signature="springTestContextAfterTestClass()[pri:0, instance:spring.maven.TestSpring@1b26f7b2]" name="springTestContextAfterTestClass" is-config="true" duration-ms="0" started-at="2018-03-20T16:34:33Z" finished-at="2018-03-20T16:34:33Z">
          <reporter-output>
          </reporter-output>
        </test-method> <!-- springTestContextAfterTestClass -->
      </class> <!-- spring.maven.TestSpring -->
    </test> <!-- Default test -->
  </suite> <!-- Default suite -->
</testng-results>
